C:\Users\YouFeng\Desktop\HomeWork\MA_hw1\MA_hw1\x64\Debug\cl.command.1.tlog
C:\Users\YouFeng\Desktop\HomeWork\MA_hw1\MA_hw1\x64\Debug\CL.read.1.tlog
C:\Users\YouFeng\Desktop\HomeWork\MA_hw1\MA_hw1\x64\Debug\CL.write.1.tlog
C:\Users\YouFeng\Desktop\HomeWork\MA_hw1\MA_hw1\x64\Debug\GraphUtils.obj
C:\Users\YouFeng\Desktop\HomeWork\MA_hw1\MA_hw1\x64\Debug\link.command.1.tlog
C:\Users\YouFeng\Desktop\HomeWork\MA_hw1\MA_hw1\x64\Debug\link.read.1.tlog
C:\Users\YouFeng\Desktop\HomeWork\MA_hw1\MA_hw1\x64\Debug\link.write.1.tlog
C:\USERS\YOUFENG\DESKTOP\HOMEWORK\MA_HW1\MA_HW1\X64\DEBUG\MA_HW1.EXE.INTERMEDIATE.MANIFEST
C:\Users\YouFeng\Desktop\HomeWork\MA_hw1\MA_hw1\x64\Debug\MA_hw1.vcxprojResolveAssemblyReference.cache
C:\Users\YouFeng\Desktop\HomeWork\MA_hw1\MA_hw1\x64\Debug\MA_hw1.write.1.tlog
C:\USERS\YOUFENG\DESKTOP\HOMEWORK\MA_HW1\MA_HW1\X64\DEBUG\MAIN.OBJ
C:\Users\YouFeng\Desktop\HomeWork\MA_hw1\MA_hw1\x64\Debug\mt.command.1.tlog
C:\Users\YouFeng\Desktop\HomeWork\MA_hw1\MA_hw1\x64\Debug\mt.read.1.tlog
C:\Users\YouFeng\Desktop\HomeWork\MA_hw1\MA_hw1\x64\Debug\mt.write.1.tlog
C:\Users\YouFeng\Desktop\HomeWork\MA_hw1\MA_hw1\x64\Debug\vc100.idb
C:\USERS\YOUFENG\DESKTOP\HOMEWORK\MA_HW1\MA_HW1\X64\DEBUG\VC100.PDB
C:\USERS\YOUFENG\DESKTOP\HOMEWORK\MA_HW1\X64\DEBUG\MA_HW1.EXE
C:\USERS\YOUFENG\DESKTOP\HOMEWORK\MA_HW1\X64\DEBUG\MA_HW1.ILK
C:\USERS\YOUFENG\DESKTOP\HOMEWORK\MA_HW1\X64\DEBUG\MA_HW1.PDB
C:\USERS\YOUFENG\DESKTOP\HOMEWORK1\20171023\MA_HW1\MA_HW1\X64\DEBUG\GRAPHUTILS.OBJ
C:\USERS\YOUFENG\DESKTOP\HOMEWORK1\20171023\MA_HW1\MA_HW1\X64\DEBUG\MA_HW1.EXE.INTERMEDIATE.MANIFEST
C:\USERS\YOUFENG\DESKTOP\HOMEWORK1\20171023\MA_HW1\MA_HW1\X64\DEBUG\MAIN.OBJ
C:\USERS\YOUFENG\DESKTOP\HOMEWORK1\20171023\MA_HW1\MA_HW1\X64\DEBUG\VC100.PDB
C:\USERS\YOUFENG\DESKTOP\HOMEWORK1\20171023\MA_HW1\X64\DEBUG\MA_HW1.EXE
C:\USERS\YOUFENG\DESKTOP\HOMEWORK1\20171023\MA_HW1\X64\DEBUG\MA_HW1.ILK
C:\USERS\YOUFENG\DESKTOP\HOMEWORK1\20171023\MA_HW1\X64\DEBUG\MA_HW1.PDB
C:\USERS\YOUFENG\DESKTOP\HOMEWORK1\20171026\MA_HW1\MA_HW1\X64\DEBUG\GRAPHUTILS.OBJ
C:\USERS\YOUFENG\DESKTOP\HOMEWORK1\20171026\MA_HW1\MA_HW1\X64\DEBUG\MA_HW1.EXE.INTERMEDIATE.MANIFEST
C:\USERS\YOUFENG\DESKTOP\HOMEWORK1\20171026\MA_HW1\MA_HW1\X64\DEBUG\MAIN.OBJ
C:\USERS\YOUFENG\DESKTOP\HOMEWORK1\20171026\MA_HW1\MA_HW1\X64\DEBUG\VC100.PDB
C:\USERS\YOUFENG\DESKTOP\HOMEWORK1\20171026\MA_HW1\X64\DEBUG\MA_HW1.EXE
C:\USERS\YOUFENG\DESKTOP\HOMEWORK1\20171026\MA_HW1\X64\DEBUG\MA_HW1.ILK
C:\USERS\YOUFENG\DESKTOP\HOMEWORK1\20171026\MA_HW1\X64\DEBUG\MA_HW1.PDB
C:\USERS\YOUFENG\DESKTOP\HOMEWORK1\20171027\MA_HW1\MA_HW1\X64\DEBUG\GRAPHUTILS.OBJ
C:\USERS\YOUFENG\DESKTOP\HOMEWORK1\20171027\MA_HW1\MA_HW1\X64\DEBUG\MA_HW1.EXE.INTERMEDIATE.MANIFEST
C:\USERS\YOUFENG\DESKTOP\HOMEWORK1\20171027\MA_HW1\MA_HW1\X64\DEBUG\MAIN.OBJ
C:\USERS\YOUFENG\DESKTOP\HOMEWORK1\20171027\MA_HW1\MA_HW1\X64\DEBUG\VC100.PDB
C:\USERS\YOUFENG\DESKTOP\HOMEWORK1\20171027\MA_HW1\X64\DEBUG\MA_HW1.EXE
C:\USERS\YOUFENG\DESKTOP\HOMEWORK1\20171027\MA_HW1\X64\DEBUG\MA_HW1.ILK
C:\USERS\YOUFENG\DESKTOP\HOMEWORK1\20171027\MA_HW1\X64\DEBUG\MA_HW1.PDB
