Build started 2017/11/12 下午 12:58:14.
     1>Project "C:\Users\YouFeng\Desktop\20171108-Integer&Half-Pixel-EBMA-LowR\HomeWork\MA_hw1\MA_hw1\MA_hw1.vcxproj" on node 2 (build target(s)).
     1>InitializeBuildStatus:
         Creating "x64\Debug\MA_hw1.unsuccessfulbuild" because "AlwaysCreate" was specified.
       ClCompile:
         D:\Microsoft Visual Studio 10.0\VC\bin\x86_amd64\CL.exe /c /Zi /nologo /W3 /WX- /Od /D _MBCS /Gm /EHsc /RTC1 /MDd /GS /fp:precise /Zc:wchar_t /Zc:forScope /Fo"x64\Debug\\" /Fd"x64\Debug\vc100.pdb" /Gd /TP /errorReport:prompt main.cpp
         main.cpp
     1>main.cpp(274): warning C4267: 'initializing' : conversion from 'size_t' to 'int', possible loss of data
     1>main.cpp(276): warning C4267: 'initializing' : conversion from 'size_t' to 'int', possible loss of data
       Link:
         D:\Microsoft Visual Studio 10.0\VC\bin\x86_amd64\link.exe /ERRORREPORT:PROMPT /OUT:"C:\Users\YouFeng\Desktop\20171108-Integer&Half-Pixel-EBMA-LowR\HomeWork\MA_hw1\x64\Debug\MA_hw1.exe" /NOLOGO opencv_calib3d249d.lib opencv_contrib249d.lib opencv_core249d.lib opencv_features2d249d.lib opencv_flann249d.lib opencv_gpu249d.lib opencv_highgui249d.lib opencv_imgproc249d.lib opencv_legacy249d.lib opencv_objdetect249d.lib opencv_ts249d.lib opencv_video249d.lib opencv_nonfree249d.lib opencv_ocl249d.lib opencv_photo249d.lib opencv_stitching249d.lib opencv_superres249d.lib opencv_videostab249d.lib kernel32.lib user32.lib gdi32.lib winspool.lib comdlg32.lib advapi32.lib shell32.lib ole32.lib oleaut32.lib uuid.lib odbc32.lib odbccp32.lib /MANIFEST /ManifestFile:"x64\Debug\MA_hw1.exe.intermediate.manifest" /MANIFESTUAC:"level='asInvoker' uiAccess='false'" /DEBUG /PDB:"C:\Users\YouFeng\Desktop\20171108-Integer&Half-Pixel-EBMA-LowR\HomeWork\MA_hw1\x64\Debug\MA_hw1.pdb" /TLBID:1 /DYNAMICBASE /NXCOMPAT /IMPLIB:"C:\Users\YouFeng\Desktop\20171108-Integer&Half-Pixel-EBMA-LowR\HomeWork\MA_hw1\x64\Debug\MA_hw1.lib" /MACHINE:X64 x64\Debug\main.obj
         LINK : C:\Users\YouFeng\Desktop\20171108-Integer&Half-Pixel-EBMA-LowR\HomeWork\MA_hw1\x64\Debug\MA_hw1.exe not found or not built by the last incremental link; performing full link
         MA_hw1.vcxproj -> C:\Users\YouFeng\Desktop\20171108-Integer&Half-Pixel-EBMA-LowR\HomeWork\MA_hw1\x64\Debug\MA_hw1.exe
       Manifest:
         C:\Program Files (x86)\Microsoft SDKs\Windows\v7.0A\bin\mt.exe /nologo /verbose /outputresource:"C:\Users\YouFeng\Desktop\20171108-Integer&Half-Pixel-EBMA-LowR\HomeWork\MA_hw1\x64\Debug\MA_hw1.exe;#1" /manifest x64\Debug\MA_hw1.exe.intermediate.manifest
       FinalizeBuildStatus:
         Deleting file "x64\Debug\MA_hw1.unsuccessfulbuild".
         Touching "x64\Debug\MA_hw1.lastbuildstate".
     1>Done Building Project "C:\Users\YouFeng\Desktop\20171108-Integer&Half-Pixel-EBMA-LowR\HomeWork\MA_hw1\MA_hw1\MA_hw1.vcxproj" (build target(s)).

Build succeeded.

Time Elapsed 00:00:01.12
